2021/01/12 22:16:43 ========================================================================================================================
2021/01/12 22:16:43 [hub-1] Listening on 127.0.0.1:5000
2021/01/12 22:16:43 [ref-1] Registering ...
2021/01/12 22:16:43 [ref-1] Sending REGISTRATION_REQUEST to hub-1
2021/01/12 22:16:43 [ref-2] Registering ...
2021/01/12 22:16:43 [ref-3] Registering ...
2021/01/12 22:16:43 [ref-2] Sending REGISTRATION_REQUEST to hub-1
2021/01/12 22:16:43 [ref-3] Sending REGISTRATION_REQUEST to hub-1
2021/01/12 22:16:43 [ref-1] Received REGISTRATION_RESPONSE from ref-1
2021/01/12 22:16:43 [ref-1] Listening on 127.0.0.1:5001
2021/01/12 22:16:43 [ref-3] Received REGISTRATION_RESPONSE from ref-3
2021/01/12 22:16:43 [ref-3] Listening on 127.0.0.1:5003
2021/01/12 22:16:43 [ref-2] Received REGISTRATION_RESPONSE from ref-2
2021/01/12 22:16:43 [ref-2] Listening on 127.0.0.1:5002
2021/01/12 22:16:50 [hub-1] Sending UPLOAD_REQUEST to ref-1
2021/01/12 22:16:50 [hub-1] Received UPLOAD_RESPONSE from hub-1
2021/01/12 22:16:50 [hub-1] Sending UPLOAD_REQUEST to ref-2
2021/01/12 22:16:50 [hub-1] Received UPLOAD_RESPONSE from hub-1
2021/01/12 22:16:50 [hub-1] Sending UPLOAD_REQUEST to ref-3
2021/01/12 22:16:50 [hub-1] Received UPLOAD_RESPONSE from hub-1
2021/01/12 22:16:50 [hub-1] Sending UPLOAD_REQUEST to srg-1
2021/01/12 22:16:50 [hub-1] Received UPLOAD_RESPONSE from hub-1
2021/01/12 22:16:50 [hub-1] Sending UPLOAD_REQUEST to srg-2
2021/01/12 22:16:50 [hub-1] Received UPLOAD_RESPONSE from hub-1
2021/01/12 22:16:50 [hub-1] Sending UPLOAD_REQUEST to srg-3
2021/01/12 22:16:50 [hub-1] Received UPLOAD_RESPONSE from hub-1
2021/01/12 22:16:50 [hub-1] Active nodes: ref-1 ref-2 ref-3 srg-1 srg-2 srg-3
2021/01/12 22:16:50 [hub-1] Group A: ref-1 srg-1
2021/01/12 22:16:50 [hub-1] Group B: ref-2 srg-2
2021/01/12 22:16:50 [hub-1] Group C: ref-3 srg-3
2021/01/12 22:16:50 [hub-1] ============================================================
2021/01/12 22:16:50 [hub-1] Testing ClientUpload ...
2021/01/12 22:16:50 [hub-1] Sending UPLOAD_REQUEST to ref-1
2021/01/12 22:16:50 [hub-1] Received UPLOAD_RESPONSE from hub-1
2021/01/12 22:16:50 [hub-1] Sending UPLOAD_REQUEST to srg-1
2021/01/12 22:16:50 [hub-1] Received UPLOAD_RESPONSE from hub-1
2021/01/12 22:16:50 [hub-1] Sending UPLOAD_REQUEST to ref-2
2021/01/12 22:16:50 [hub-1] Received UPLOAD_RESPONSE from hub-1
2021/01/12 22:16:50 [hub-1] Sending UPLOAD_REQUEST to srg-2
2021/01/12 22:16:50 [hub-1] Received UPLOAD_RESPONSE from hub-1
2021/01/12 22:16:50 [hub-1] Sending UPLOAD_REQUEST to ref-3
2021/01/12 22:16:50 [hub-1] Received UPLOAD_RESPONSE from hub-1
2021/01/12 22:16:50 [hub-1] Sending UPLOAD_REQUEST to srg-3
2021/01/12 22:16:50 [hub-1] Received UPLOAD_RESPONSE from hub-1
2021/01/12 22:16:50 [hub-1] ============================================================
2021/01/12 22:16:50 [hub-1] Testing ClientReplicate ...
2021/01/12 22:16:50 [hub-1] Sending REPLICATE_REQUEST to ref-1
2021/01/12 22:16:50 [ref-1] Sending SUBNET_REQUEST to hub-1
2021/01/12 22:16:50 [ref-1] Received SUBNET_RESPONSE from ref-1
2021/01/12 22:16:50 [ref-1] Sending CHUNK_REQUEST to srg-1
2021/01/12 22:16:50 [ref-1] Sending CHUNK_REQUEST to ref-3
2021/01/12 22:16:50 [ref-1] Sending CHUNK_REQUEST to ref-3
2021/01/12 22:16:50 [ref-1] Sending CHUNK_REQUEST to ref-2
2021/01/12 22:16:50 [ref-1] Sending CHUNK_REQUEST to srg-2
2021/01/12 22:16:50 [ref-1] Sending CHUNK_REQUEST to srg-1
2021/01/12 22:16:50 [ref-1] Sending CHUNK_REQUEST to srg-3
2021/01/12 22:16:50 [ref-1] Sending CHUNK_REQUEST to ref-3
2021/01/12 22:16:50 [ref-1] Sending CHUNK_REQUEST to ref-3
2021/01/12 22:16:50 [ref-1] Sending CHUNK_REQUEST to ref-2
2021/01/12 22:16:50 [ref-1] Sending CHUNK_REQUEST to srg-2
2021/01/12 22:16:50 [ref-1] Sending CHUNK_REQUEST to srg-1
2021/01/12 22:16:50 [ref-1] Sending CHUNK_REQUEST to srg-3
2021/01/12 22:16:50 [ref-1] Sending CHUNK_REQUEST to ref-3
2021/01/12 22:16:50 [ref-1] Sending CHUNK_REQUEST to ref-3
2021/01/12 22:16:50 [ref-1] Sending CHUNK_REQUEST to ref-2
2021/01/12 22:16:50 [ref-1] Sending CHUNK_REQUEST to srg-2
2021/01/12 22:16:50 [ref-1] Sending CHUNK_REQUEST to srg-1
2021/01/12 22:16:50 [ref-1] Sending CHUNK_REQUEST to srg-3
2021/01/12 22:16:50 [ref-1] Sending CHUNK_REQUEST to ref-3
2021/01/12 22:16:50 [ref-1] Sending CHUNK_REQUEST to ref-3
2021/01/12 22:16:50 [ref-1] Sending CHUNK_REQUEST to ref-2
2021/01/12 22:16:50 [ref-1] Sending CHUNK_REQUEST to srg-2
2021/01/12 22:16:50 [ref-1] Received CHUNK_RESPONSE from ref-1
2021/01/12 22:16:50 [ref-1] Received CHUNK_RESPONSE from ref-1
2021/01/12 22:16:50 [ref-1] Sending CHUNK_REQUEST to ref-2
2021/01/12 22:16:50 [ref-1] Received CHUNK_RESPONSE from ref-1
2021/01/12 22:16:50 [ref-1] Received CHUNK_RESPONSE from ref-1
2021/01/12 22:16:50 [ref-1] Received CHUNK_RESPONSE from ref-1
2021/01/12 22:16:50 [ref-1] Received CHUNK_RESPONSE from ref-1
2021/01/12 22:16:50 [ref-1] Received CHUNK_RESPONSE from ref-1
2021/01/12 22:16:50 [ref-1] Received CHUNK_RESPONSE from ref-1
2021/01/12 22:16:50 [ref-1] Received CHUNK_RESPONSE from ref-1
2021/01/12 22:16:50 [ref-1] Sending CHUNK_REQUEST to ref-2
2021/01/12 22:16:50 [ref-1] Sending CHUNK_REQUEST to ref-2
2021/01/12 22:16:50 [ref-1] Received CHUNK_RESPONSE from ref-1
2021/01/12 22:16:50 [ref-1] Sending CHUNK_REQUEST to srg-3
2021/01/12 22:16:50 [ref-1] Sending CHUNK_REQUEST to ref-2
2021/01/12 22:16:50 [ref-1] Received CHUNK_RESPONSE from ref-1
2021/01/12 22:16:50 [ref-1] Received CHUNK_RESPONSE from ref-1
2021/01/12 22:16:50 [ref-1] Sending CHUNK_REQUEST to ref-2
2021/01/12 22:16:50 [ref-1] Sending CHUNK_REQUEST to ref-2
2021/01/12 22:16:50 [ref-1] Sending CHUNK_REQUEST to ref-3
2021/01/12 22:16:50 [ref-1] Sending CHUNK_REQUEST to ref-2
2021/01/12 22:16:50 [ref-1] Sending CHUNK_REQUEST to ref-2
2021/01/12 22:16:50 [ref-1] Received CHUNK_RESPONSE from ref-1
2021/01/12 22:16:50 [ref-1] Received CHUNK_RESPONSE from ref-1
2021/01/12 22:16:50 [ref-1] Received CHUNK_RESPONSE from ref-1
2021/01/12 22:16:50 [ref-1] Sending CHUNK_REQUEST to srg-3
2021/01/12 22:16:50 [ref-1] Received CHUNK_RESPONSE from ref-1
2021/01/12 22:16:50 [ref-1] Received CHUNK_RESPONSE from ref-1
2021/01/12 22:16:50 [ref-1] Received CHUNK_RESPONSE from ref-1
2021/01/12 22:16:50 [ref-1] Received CHUNK_RESPONSE from ref-1
2021/01/12 22:16:50 [ref-1] Received CHUNK_RESPONSE from ref-1
2021/01/12 22:16:50 [ref-1] Sending CHUNK_REQUEST to ref-2
2021/01/12 22:16:50 [ref-1] Received CHUNK_RESPONSE from ref-1
2021/01/12 22:16:50 [ref-1] Sending CHUNK_REQUEST to ref-3
2021/01/12 22:16:50 [ref-1] Received CHUNK_RESPONSE from ref-1
2021/01/12 22:16:50 [ref-1] Sending CHUNK_REQUEST to srg-3
2021/01/12 22:16:50 [ref-1] Received CHUNK_RESPONSE from ref-1
2021/01/12 22:16:50 [ref-1] Sending CHUNK_REQUEST to ref-2
2021/01/12 22:16:50 [ref-1] Received CHUNK_RESPONSE from ref-1
2021/01/12 22:16:50 [ref-1] Sending CHUNK_REQUEST to ref-3
2021/01/12 22:16:50 [ref-1] Received CHUNK_RESPONSE from ref-1
2021/01/12 22:16:50 [ref-1] Sending CHUNK_REQUEST to srg-3
2021/01/12 22:16:50 [ref-1] Received CHUNK_RESPONSE from ref-1
2021/01/12 22:16:50 [ref-1] Sending CHUNK_REQUEST to ref-3
2021/01/12 22:16:50 [ref-1] Received CHUNK_RESPONSE from ref-1
2021/01/12 22:16:50 [ref-1] Received CHUNK_RESPONSE from ref-1
2021/01/12 22:16:50 [ref-1] Received CHUNK_RESPONSE from ref-1
2021/01/12 22:16:50 [ref-1] Received CHUNK_RESPONSE from ref-1
2021/01/12 22:16:50 [ref-1] Received CHUNK_RESPONSE from ref-1
2021/01/12 22:16:50 [ref-1] Sending CHUNK_REQUEST to ref-3
2021/01/12 22:16:50 [ref-1] Received CHUNK_RESPONSE from ref-1
2021/01/12 22:16:50 [ref-1] Received CHUNK_RESPONSE from ref-1
2021/01/12 22:16:50 [ref-1] Sending CHUNK_REQUEST to ref-2
2021/01/12 22:16:50 [ref-1] Received CHUNK_RESPONSE from ref-1
2021/01/12 22:16:50 [ref-1] Sending CHUNK_REQUEST to ref-2
2021/01/12 22:16:50 [ref-1] Received CHUNK_RESPONSE from ref-1
2021/01/12 22:16:50 [ref-1] Received CHUNK_RESPONSE from ref-1
2021/01/12 22:16:50 [ref-1] Received CHUNK_RESPONSE from ref-1
2021/01/12 22:16:50 [ref-1] Received CHUNK_RESPONSE from ref-1
2021/01/12 22:16:50 [ref-1] Received CHUNK_RESPONSE from ref-1
2021/01/12 22:16:50 [ref-1] Received CHUNK_RESPONSE from ref-1
2021/01/12 22:16:50 [ref-1] Received CHUNK_RESPONSE from ref-1
2021/01/12 22:16:50 [ref-1] Received CHUNK_RESPONSE from ref-1
2021/01/12 22:16:50 [ref-1] Sending CHUNK_REQUEST to ref-2
2021/01/12 22:16:50 [ref-1] Received CHUNK_RESPONSE from ref-1
2021/01/12 22:16:50 [ref-1] Received CHUNK_RESPONSE from ref-1
2021/01/12 22:16:50 [ref-1] Sending CHUNK_REQUEST to ref-3
2021/01/12 22:16:50 [ref-1] Received CHUNK_RESPONSE from ref-1
2021/01/12 22:16:50 [ref-1] Sending CHUNK_REQUEST to ref-2
2021/01/12 22:16:50 [ref-1] Received CHUNK_RESPONSE from ref-1
2021/01/12 22:16:50 [ref-1] Sending CHUNK_REQUEST to ref-3
2021/01/12 22:16:50 [ref-1] Received CHUNK_RESPONSE from ref-1
2021/01/12 22:16:50 [ref-1] Received CHUNK_RESPONSE from ref-1
2021/01/12 22:16:50 [ref-1] Sending CHUNK_REQUEST to ref-2
2021/01/12 22:16:50 [ref-1] Received CHUNK_RESPONSE from ref-1
2021/01/12 22:16:50 [hub-1] Received REPLICATE_RESPONSE from hub-1
2021/01/12 22:16:50 [hub-1] Sending REPLICATE_REQUEST to srg-1
2021/01/12 22:16:50 [hub-1] Received REPLICATE_RESPONSE from hub-1
2021/01/12 22:16:50 [hub-1] Sending REPLICATE_REQUEST to ref-2
2021/01/12 22:16:50 [ref-2] Sending SUBNET_REQUEST to hub-1
2021/01/12 22:16:50 [ref-2] Received SUBNET_RESPONSE from ref-2
2021/01/12 22:16:50 [ref-2] Sending CHUNK_REQUEST to srg-1
2021/01/12 22:16:50 [ref-2] Sending CHUNK_REQUEST to ref-1
2021/01/12 22:16:50 [ref-2] Sending CHUNK_REQUEST to srg-3
2021/01/12 22:16:50 [ref-2] Sending CHUNK_REQUEST to ref-1
2021/01/12 22:16:50 [ref-2] Sending CHUNK_REQUEST to ref-3
2021/01/12 22:16:50 [ref-2] Sending CHUNK_REQUEST to ref-3
2021/01/12 22:16:50 [ref-2] Sending CHUNK_REQUEST to srg-2
2021/01/12 22:16:50 [ref-2] Sending CHUNK_REQUEST to srg-2
2021/01/12 22:16:50 [ref-2] Sending CHUNK_REQUEST to srg-2
2021/01/12 22:16:50 [ref-2] Sending CHUNK_REQUEST to srg-2
2021/01/12 22:16:50 [ref-2] Sending CHUNK_REQUEST to srg-1
2021/01/12 22:16:50 [ref-2] Sending CHUNK_REQUEST to srg-1
2021/01/12 22:16:50 [ref-2] Sending CHUNK_REQUEST to srg-3
2021/01/12 22:16:50 [ref-2] Sending CHUNK_REQUEST to srg-3
2021/01/12 22:16:50 [ref-2] Sending CHUNK_REQUEST to ref-1
2021/01/12 22:16:50 [ref-2] Sending CHUNK_REQUEST to ref-1
2021/01/12 22:16:50 [ref-2] Sending CHUNK_REQUEST to ref-3
2021/01/12 22:16:50 [ref-2] Sending CHUNK_REQUEST to ref-3
2021/01/12 22:16:50 [ref-2] Sending CHUNK_REQUEST to srg-2
2021/01/12 22:16:50 [ref-2] Sending CHUNK_REQUEST to srg-2
2021/01/12 22:16:50 [ref-2] Sending CHUNK_REQUEST to srg-2
2021/01/12 22:16:50 [ref-2] Sending CHUNK_REQUEST to srg-2
2021/01/12 22:16:50 [ref-2] Sending CHUNK_REQUEST to srg-1
2021/01/12 22:16:50 [ref-2] Received CHUNK_RESPONSE from ref-2
2021/01/12 22:16:50 [ref-2] Received CHUNK_RESPONSE from ref-2
2021/01/12 22:16:50 [ref-2] Received CHUNK_RESPONSE from ref-2
2021/01/12 22:16:50 [ref-2] Sending CHUNK_REQUEST to ref-3
2021/01/12 22:16:50 [ref-2] Received CHUNK_RESPONSE from ref-2
2021/01/12 22:16:50 [ref-2] Received CHUNK_RESPONSE from ref-2
2021/01/12 22:16:50 [ref-2] Received CHUNK_RESPONSE from ref-2
2021/01/12 22:16:50 [ref-2] Received CHUNK_RESPONSE from ref-2
2021/01/12 22:16:50 [ref-2] Sending CHUNK_REQUEST to ref-3
2021/01/12 22:16:50 [ref-2] Sending CHUNK_REQUEST to ref-3
2021/01/12 22:16:50 [ref-2] Received CHUNK_RESPONSE from ref-2
2021/01/12 22:16:50 [ref-2] Sending CHUNK_REQUEST to ref-3
2021/01/12 22:16:50 [ref-2] Received CHUNK_RESPONSE from ref-2
2021/01/12 22:16:50 [ref-2] Received CHUNK_RESPONSE from ref-2
2021/01/12 22:16:50 [ref-2] Received CHUNK_RESPONSE from ref-2
2021/01/12 22:16:50 [ref-2] Received CHUNK_RESPONSE from ref-2
2021/01/12 22:16:50 [ref-2] Received CHUNK_RESPONSE from ref-2
2021/01/12 22:16:50 [ref-2] Sending CHUNK_REQUEST to srg-1
2021/01/12 22:16:50 [ref-2] Received CHUNK_RESPONSE from ref-2
2021/01/12 22:16:50 [ref-2] Sending CHUNK_REQUEST to srg-1
2021/01/12 22:16:50 [ref-2] Received CHUNK_RESPONSE from ref-2
2021/01/12 22:16:50 [ref-2] Sending CHUNK_REQUEST to srg-1
2021/01/12 22:16:50 [ref-2] Received CHUNK_RESPONSE from ref-2
2021/01/12 22:16:50 [ref-2] Sending CHUNK_REQUEST to srg-3
2021/01/12 22:16:50 [ref-2] Received CHUNK_RESPONSE from ref-2
2021/01/12 22:16:50 [ref-2] Sending CHUNK_REQUEST to srg-1
2021/01/12 22:16:50 [ref-2] Received CHUNK_RESPONSE from ref-2
2021/01/12 22:16:50 [ref-2] Sending CHUNK_REQUEST to srg-3
2021/01/12 22:16:50 [ref-2] Received CHUNK_RESPONSE from ref-2
2021/01/12 22:16:50 [ref-2] Sending CHUNK_REQUEST to srg-3
2021/01/12 22:16:50 [ref-2] Received CHUNK_RESPONSE from ref-2
2021/01/12 22:16:50 [ref-2] Sending CHUNK_REQUEST to srg-1
2021/01/12 22:16:50 [ref-2] Received CHUNK_RESPONSE from ref-2
2021/01/12 22:16:50 [ref-2] Sending CHUNK_REQUEST to srg-3
2021/01/12 22:16:50 [ref-2] Received CHUNK_RESPONSE from ref-2
2021/01/12 22:16:50 [ref-2] Sending CHUNK_REQUEST to srg-3
2021/01/12 22:16:50 [ref-2] Received CHUNK_RESPONSE from ref-2
2021/01/12 22:16:50 [ref-2] Sending CHUNK_REQUEST to srg-3
2021/01/12 22:16:50 [ref-2] Received CHUNK_RESPONSE from ref-2
2021/01/12 22:16:50 [ref-2] Sending CHUNK_REQUEST to srg-1
2021/01/12 22:16:50 [ref-2] Received CHUNK_RESPONSE from ref-2
2021/01/12 22:16:50 [ref-2] Received CHUNK_RESPONSE from ref-2
2021/01/12 22:16:50 [ref-2] Sending CHUNK_REQUEST to srg-3
2021/01/12 22:16:50 [ref-2] Received CHUNK_RESPONSE from ref-2
2021/01/12 22:16:50 [ref-2] Sending CHUNK_REQUEST to srg-1
2021/01/12 22:16:50 [ref-2] Received CHUNK_RESPONSE from ref-2
2021/01/12 22:16:50 [ref-2] Sending CHUNK_REQUEST to srg-3
2021/01/12 22:16:50 [ref-2] Received CHUNK_RESPONSE from ref-2
2021/01/12 22:16:50 [ref-2] Sending CHUNK_REQUEST to srg-1
2021/01/12 22:16:50 [ref-2] Received CHUNK_RESPONSE from ref-2
2021/01/12 22:16:50 [ref-2] Sending CHUNK_REQUEST to srg-3
2021/01/12 22:16:50 [ref-2] Received CHUNK_RESPONSE from ref-2
2021/01/12 22:16:50 [ref-2] Sending CHUNK_REQUEST to srg-3
2021/01/12 22:16:50 [ref-2] Received CHUNK_RESPONSE from ref-2
2021/01/12 22:16:50 [ref-2] Received CHUNK_RESPONSE from ref-2
2021/01/12 22:16:50 [ref-2] Received CHUNK_RESPONSE from ref-2
2021/01/12 22:16:50 [ref-2] Sending CHUNK_REQUEST to srg-3
2021/01/12 22:16:50 [ref-2] Received CHUNK_RESPONSE from ref-2
2021/01/12 22:16:50 [ref-2] Sending CHUNK_REQUEST to srg-3
2021/01/12 22:16:50 [ref-2] Received CHUNK_RESPONSE from ref-2
2021/01/12 22:16:50 [ref-2] Received CHUNK_RESPONSE from ref-2
2021/01/12 22:16:50 [ref-2] Received CHUNK_RESPONSE from ref-2
2021/01/12 22:16:50 [ref-2] Received CHUNK_RESPONSE from ref-2
2021/01/12 22:16:50 [ref-2] Received CHUNK_RESPONSE from ref-2
2021/01/12 22:16:50 [ref-2] Received CHUNK_RESPONSE from ref-2
2021/01/12 22:16:50 [ref-2] Received CHUNK_RESPONSE from ref-2
2021/01/12 22:16:50 [ref-2] Received CHUNK_RESPONSE from ref-2
2021/01/12 22:16:50 [ref-2] Received CHUNK_RESPONSE from ref-2
2021/01/12 22:16:50 [ref-2] Received CHUNK_RESPONSE from ref-2
2021/01/12 22:16:50 [ref-2] Received CHUNK_RESPONSE from ref-2
2021/01/12 22:16:50 [ref-2] Received CHUNK_RESPONSE from ref-2
2021/01/12 22:16:50 [hub-1] Received REPLICATE_RESPONSE from hub-1
2021/01/12 22:16:50 [hub-1] Sending REPLICATE_REQUEST to srg-2
2021/01/12 22:16:50 [hub-1] Received REPLICATE_RESPONSE from hub-1
2021/01/12 22:16:50 [hub-1] Sending REPLICATE_REQUEST to ref-3
2021/01/12 22:16:50 [ref-3] Sending SUBNET_REQUEST to hub-1
2021/01/12 22:16:50 [ref-3] Received SUBNET_RESPONSE from ref-3
2021/01/12 22:16:50 [ref-3] Sending CHUNK_REQUEST to ref-2
2021/01/12 22:16:50 [ref-3] Sending CHUNK_REQUEST to ref-2
2021/01/12 22:16:50 [ref-3] Sending CHUNK_REQUEST to ref-2
2021/01/12 22:16:50 [ref-3] Sending CHUNK_REQUEST to ref-1
2021/01/12 22:16:50 [ref-3] Sending CHUNK_REQUEST to srg-2
2021/01/12 22:16:50 [ref-3] Sending CHUNK_REQUEST to ref-2
2021/01/12 22:16:50 [ref-3] Sending CHUNK_REQUEST to srg-2
2021/01/12 22:16:50 [ref-3] Sending CHUNK_REQUEST to srg-1
2021/01/12 22:16:50 [ref-3] Sending CHUNK_REQUEST to ref-2
2021/01/12 22:16:50 [ref-3] Sending CHUNK_REQUEST to srg-1
2021/01/12 22:16:50 [ref-3] Sending CHUNK_REQUEST to srg-3
2021/01/12 22:16:50 [ref-3] Sending CHUNK_REQUEST to ref-1
2021/01/12 22:16:50 [ref-3] Sending CHUNK_REQUEST to srg-2
2021/01/12 22:16:50 [ref-3] Sending CHUNK_REQUEST to srg-1
2021/01/12 22:16:50 [ref-3] Sending CHUNK_REQUEST to ref-2
2021/01/12 22:16:50 [ref-3] Sending CHUNK_REQUEST to srg-3
2021/01/12 22:16:50 [ref-3] Sending CHUNK_REQUEST to ref-1
2021/01/12 22:16:50 [ref-3] Sending CHUNK_REQUEST to srg-2
2021/01/12 22:16:50 [ref-3] Sending CHUNK_REQUEST to ref-1
2021/01/12 22:16:50 [ref-3] Sending CHUNK_REQUEST to ref-2
2021/01/12 22:16:50 [ref-3] Sending CHUNK_REQUEST to srg-3
2021/01/12 22:16:50 [ref-3] Sending CHUNK_REQUEST to ref-2
2021/01/12 22:16:50 [ref-3] Sending CHUNK_REQUEST to srg-3
2021/01/12 22:16:50 [ref-3] Sending CHUNK_REQUEST to srg-1
2021/01/12 22:16:50 [ref-3] Sending CHUNK_REQUEST to ref-1
2021/01/12 22:16:50 [ref-3] Sending CHUNK_REQUEST to ref-2
2021/01/12 22:16:50 [ref-3] Received CHUNK_RESPONSE from ref-3
2021/01/12 22:16:50 [ref-3] Received CHUNK_RESPONSE from ref-3
2021/01/12 22:16:50 [ref-3] Received CHUNK_RESPONSE from ref-3
2021/01/12 22:16:50 [ref-3] Received CHUNK_RESPONSE from ref-3
2021/01/12 22:16:50 [ref-3] Received CHUNK_RESPONSE from ref-3
2021/01/12 22:16:50 [ref-3] Sending CHUNK_REQUEST to srg-2
2021/01/12 22:16:50 [ref-3] Sending CHUNK_REQUEST to srg-2
2021/01/12 22:16:50 [ref-3] Received CHUNK_RESPONSE from ref-3
2021/01/12 22:16:50 [ref-3] Sending CHUNK_REQUEST to srg-2
2021/01/12 22:16:50 [ref-3] Received CHUNK_RESPONSE from ref-3
2021/01/12 22:16:50 [ref-3] Received CHUNK_RESPONSE from ref-3
2021/01/12 22:16:50 [ref-3] Sending CHUNK_REQUEST to srg-2
2021/01/12 22:16:50 [ref-3] Received CHUNK_RESPONSE from ref-3
2021/01/12 22:16:50 [ref-3] Received CHUNK_RESPONSE from ref-3
2021/01/12 22:16:50 [ref-3] Sending CHUNK_REQUEST to srg-2
2021/01/12 22:16:50 [ref-3] Received CHUNK_RESPONSE from ref-3
2021/01/12 22:16:50 [ref-3] Sending CHUNK_REQUEST to srg-2
2021/01/12 22:16:50 [ref-3] Sending CHUNK_REQUEST to srg-2
2021/01/12 22:16:50 [ref-3] Sending CHUNK_REQUEST to srg-2
2021/01/12 22:16:50 [ref-3] Received CHUNK_RESPONSE from ref-3
2021/01/12 22:16:50 [ref-3] Received CHUNK_RESPONSE from ref-3
2021/01/12 22:16:50 [ref-3] Sending CHUNK_REQUEST to srg-2
2021/01/12 22:16:50 [ref-3] Received CHUNK_RESPONSE from ref-3
2021/01/12 22:16:50 [ref-3] Received CHUNK_RESPONSE from ref-3
2021/01/12 22:16:50 [ref-3] Sending CHUNK_REQUEST to ref-1
2021/01/12 22:16:50 [ref-3] Received CHUNK_RESPONSE from ref-3
2021/01/12 22:16:50 [ref-3] Sending CHUNK_REQUEST to srg-1
2021/01/12 22:16:50 [ref-3] Received CHUNK_RESPONSE from ref-3
2021/01/12 22:16:50 [ref-3] Sending CHUNK_REQUEST to ref-1
2021/01/12 22:16:50 [ref-3] Received CHUNK_RESPONSE from ref-3
2021/01/12 22:16:50 [ref-3] Sending CHUNK_REQUEST to ref-1
2021/01/12 22:16:50 [ref-3] Received CHUNK_RESPONSE from ref-3
2021/01/12 22:16:50 [ref-3] Sending CHUNK_REQUEST to ref-1
2021/01/12 22:16:50 [ref-3] Received CHUNK_RESPONSE from ref-3
2021/01/12 22:16:50 [ref-3] Sending CHUNK_REQUEST to srg-1
2021/01/12 22:16:50 [ref-3] Received CHUNK_RESPONSE from ref-3
2021/01/12 22:16:50 [ref-3] Sending CHUNK_REQUEST to srg-1
2021/01/12 22:16:50 [ref-3] Received CHUNK_RESPONSE from ref-3
2021/01/12 22:16:50 [ref-3] Received CHUNK_RESPONSE from ref-3
2021/01/12 22:16:50 [ref-3] Received CHUNK_RESPONSE from ref-3
2021/01/12 22:16:50 [ref-3] Received CHUNK_RESPONSE from ref-3
2021/01/12 22:16:50 [ref-3] Received CHUNK_RESPONSE from ref-3
2021/01/12 22:16:50 [ref-3] Received CHUNK_RESPONSE from ref-3
2021/01/12 22:16:50 [ref-3] Received CHUNK_RESPONSE from ref-3
2021/01/12 22:16:50 [ref-3] Sending CHUNK_REQUEST to srg-1
2021/01/12 22:16:50 [ref-3] Sending CHUNK_REQUEST to srg-1
2021/01/12 22:16:50 [ref-3] Sending CHUNK_REQUEST to srg-1
2021/01/12 22:16:50 [ref-3] Received CHUNK_RESPONSE from ref-3
2021/01/12 22:16:50 [ref-3] Sending CHUNK_REQUEST to srg-1
2021/01/12 22:16:50 [ref-3] Received CHUNK_RESPONSE from ref-3
2021/01/12 22:16:50 [ref-3] Sending CHUNK_REQUEST to srg-1
2021/01/12 22:16:50 [ref-3] Received CHUNK_RESPONSE from ref-3
2021/01/12 22:16:50 [ref-3] Sending CHUNK_REQUEST to srg-1
2021/01/12 22:16:50 [ref-3] Received CHUNK_RESPONSE from ref-3
2021/01/12 22:16:50 [ref-3] Received CHUNK_RESPONSE from ref-3
2021/01/12 22:16:50 [ref-3] Sending CHUNK_REQUEST to srg-1
2021/01/12 22:16:50 [ref-3] Received CHUNK_RESPONSE from ref-3
2021/01/12 22:16:50 [ref-3] Received CHUNK_RESPONSE from ref-3
2021/01/12 22:16:50 [ref-3] Sending CHUNK_REQUEST to srg-1
2021/01/12 22:16:50 [ref-3] Received CHUNK_RESPONSE from ref-3
2021/01/12 22:16:50 [ref-3] Received CHUNK_RESPONSE from ref-3
2021/01/12 22:16:50 [ref-3] Sending CHUNK_REQUEST to srg-1
2021/01/12 22:16:50 [ref-3] Received CHUNK_RESPONSE from ref-3
2021/01/12 22:16:50 [ref-3] Received CHUNK_RESPONSE from ref-3
2021/01/12 22:16:50 [ref-3] Sending CHUNK_REQUEST to srg-1
2021/01/12 22:16:50 [ref-3] Received CHUNK_RESPONSE from ref-3
2021/01/12 22:16:50 [ref-3] Received CHUNK_RESPONSE from ref-3
2021/01/12 22:16:50 [ref-3] Received CHUNK_RESPONSE from ref-3
2021/01/12 22:16:50 [ref-3] Received CHUNK_RESPONSE from ref-3
2021/01/12 22:16:50 [ref-3] Received CHUNK_RESPONSE from ref-3
2021/01/12 22:16:50 [ref-3] Received CHUNK_RESPONSE from ref-3
2021/01/12 22:16:50 [ref-3] Received CHUNK_RESPONSE from ref-3
2021/01/12 22:16:50 [ref-3] Received CHUNK_RESPONSE from ref-3
2021/01/12 22:16:50 [ref-3] Received CHUNK_RESPONSE from ref-3
2021/01/12 22:16:50 [ref-3] Received CHUNK_RESPONSE from ref-3
2021/01/12 22:16:50 [ref-3] Received CHUNK_RESPONSE from ref-3
2021/01/12 22:16:50 [ref-3] Received CHUNK_RESPONSE from ref-3
2021/01/12 22:16:50 [ref-3] Received CHUNK_RESPONSE from ref-3
2021/01/12 22:16:50 [hub-1] Received REPLICATE_RESPONSE from hub-1
2021/01/12 22:16:50 [hub-1] Sending REPLICATE_REQUEST to srg-3
2021/01/12 22:16:50 [hub-1] Received REPLICATE_RESPONSE from hub-1
2021/01/12 22:16:50 [hub-1] ============================================================
2021/01/12 22:16:50 [hub-1] Testing ClientLocalSearchWithResults ...
2021/01/12 22:16:50 [hub-1] Sending LOCAL_SEARCH_REQUEST to ref-1
2021/01/12 22:16:50 [hub-1] Received LOCAL_SEARCH_RESPONSE from hub-1
2021/01/12 22:16:50 [hub-1] Sending LOCAL_SEARCH_REQUEST to srg-1
2021/01/12 22:16:50 [hub-1] Received LOCAL_SEARCH_RESPONSE from hub-1
2021/01/12 22:16:50 [hub-1] Sending LOCAL_SEARCH_REQUEST to ref-1
2021/01/12 22:16:50 [hub-1] Received LOCAL_SEARCH_RESPONSE from hub-1
2021/01/12 22:16:50 [hub-1] Sending LOCAL_SEARCH_REQUEST to srg-1
2021/01/12 22:16:50 [hub-1] Received LOCAL_SEARCH_RESPONSE from hub-1
2021/01/12 22:16:50 [hub-1] Sending LOCAL_SEARCH_REQUEST to ref-2
2021/01/12 22:16:50 [hub-1] Received LOCAL_SEARCH_RESPONSE from hub-1
2021/01/12 22:16:50 [hub-1] Sending LOCAL_SEARCH_REQUEST to srg-2
2021/01/12 22:16:50 [hub-1] Received LOCAL_SEARCH_RESPONSE from hub-1
2021/01/12 22:16:50 [hub-1] Sending LOCAL_SEARCH_REQUEST to ref-2
2021/01/12 22:16:50 [hub-1] Received LOCAL_SEARCH_RESPONSE from hub-1
2021/01/12 22:16:50 [hub-1] Sending LOCAL_SEARCH_REQUEST to srg-2
2021/01/12 22:16:50 [hub-1] Received LOCAL_SEARCH_RESPONSE from hub-1
2021/01/12 22:16:50 [hub-1] Sending LOCAL_SEARCH_REQUEST to ref-3
2021/01/12 22:16:50 [hub-1] Received LOCAL_SEARCH_RESPONSE from hub-1
2021/01/12 22:16:50 [hub-1] Sending LOCAL_SEARCH_REQUEST to srg-3
2021/01/12 22:16:50 [hub-1] Received LOCAL_SEARCH_RESPONSE from hub-1
2021/01/12 22:16:50 [hub-1] Sending LOCAL_SEARCH_REQUEST to ref-3
2021/01/12 22:16:50 [hub-1] Received LOCAL_SEARCH_RESPONSE from hub-1
2021/01/12 22:16:50 [hub-1] Sending LOCAL_SEARCH_REQUEST to srg-3
2021/01/12 22:16:50 [hub-1] Received LOCAL_SEARCH_RESPONSE from hub-1
2021/01/12 22:16:50 [hub-1] ============================================================
2021/01/12 22:16:50 [hub-1] Testing ClientLocalSearchNoResults ...
2021/01/12 22:16:50 [hub-1] Sending LOCAL_SEARCH_REQUEST to ref-1
2021/01/12 22:16:50 [hub-1] Received LOCAL_SEARCH_RESPONSE from hub-1
2021/01/12 22:16:50 [hub-1] Sending LOCAL_SEARCH_REQUEST to srg-1
2021/01/12 22:16:50 [hub-1] Received LOCAL_SEARCH_RESPONSE from hub-1
2021/01/12 22:16:50 [hub-1] Sending LOCAL_SEARCH_REQUEST to ref-2
2021/01/12 22:16:50 [hub-1] Received LOCAL_SEARCH_RESPONSE from hub-1
2021/01/12 22:16:50 [hub-1] Sending LOCAL_SEARCH_REQUEST to srg-2
2021/01/12 22:16:50 [hub-1] Received LOCAL_SEARCH_RESPONSE from hub-1
2021/01/12 22:16:50 [hub-1] Sending LOCAL_SEARCH_REQUEST to ref-3
2021/01/12 22:16:50 [hub-1] Received LOCAL_SEARCH_RESPONSE from hub-1
2021/01/12 22:16:50 [hub-1] Sending LOCAL_SEARCH_REQUEST to srg-3
2021/01/12 22:16:50 [hub-1] Received LOCAL_SEARCH_RESPONSE from hub-1
2021/01/12 22:16:50 [hub-1] ============================================================
2021/01/12 22:16:50 [hub-1] Testing ClientSearch ...
2021/01/12 22:16:50 [hub-1] Sending SEARCH_REQUEST to ref-1
2021/01/12 22:16:50 [ref-1] Sending SUBNET_REQUEST to hub-1
2021/01/12 22:16:50 [ref-1] Received SUBNET_RESPONSE from ref-1
2021/01/12 22:16:50 [ref-1] Sending LOCAL_SEARCH_REQUEST to srg-3
2021/01/12 22:16:50 [ref-1] Sending LOCAL_SEARCH_REQUEST to ref-2
2021/01/12 22:16:50 [ref-1] Sending LOCAL_SEARCH_REQUEST to ref-3
2021/01/12 22:16:50 [ref-1] Sending LOCAL_SEARCH_REQUEST to srg-1
2021/01/12 22:16:50 [ref-1] Sending LOCAL_SEARCH_REQUEST to srg-2
2021/01/12 22:16:50 [ref-1] Received LOCAL_SEARCH_RESPONSE from ref-1
2021/01/12 22:16:50 [ref-1] Received LOCAL_SEARCH_RESPONSE from ref-1
2021/01/12 22:16:50 [ref-1] Received LOCAL_SEARCH_RESPONSE from ref-1
2021/01/12 22:16:50 [ref-1] Received LOCAL_SEARCH_RESPONSE from ref-1
2021/01/12 22:16:50 [ref-1] Received LOCAL_SEARCH_RESPONSE from ref-1
2021/01/12 22:16:50 [hub-1] Received SEARCH_RESPONSE from hub-1
2021/01/12 22:16:50 [hub-1] Sending SEARCH_REQUEST to srg-1
2021/01/12 22:16:50 [hub-1] Received SEARCH_RESPONSE from hub-1
2021/01/12 22:16:50 [hub-1] Sending SEARCH_REQUEST to ref-1
2021/01/12 22:16:50 [ref-1] Sending SUBNET_REQUEST to hub-1
2021/01/12 22:16:50 [ref-1] Received SUBNET_RESPONSE from ref-1
2021/01/12 22:16:50 [ref-1] Sending LOCAL_SEARCH_REQUEST to srg-3
2021/01/12 22:16:50 [ref-1] Sending LOCAL_SEARCH_REQUEST to ref-3
2021/01/12 22:16:50 [ref-1] Sending LOCAL_SEARCH_REQUEST to srg-2
2021/01/12 22:16:50 [ref-1] Sending LOCAL_SEARCH_REQUEST to ref-2
2021/01/12 22:16:50 [ref-1] Sending LOCAL_SEARCH_REQUEST to srg-1
2021/01/12 22:16:50 [ref-1] Received LOCAL_SEARCH_RESPONSE from ref-1
2021/01/12 22:16:50 [ref-1] Received LOCAL_SEARCH_RESPONSE from ref-1
2021/01/12 22:16:50 [ref-1] Received LOCAL_SEARCH_RESPONSE from ref-1
2021/01/12 22:16:50 [ref-1] Received LOCAL_SEARCH_RESPONSE from ref-1
2021/01/12 22:16:50 [ref-1] Received LOCAL_SEARCH_RESPONSE from ref-1
2021/01/12 22:16:50 [hub-1] Received SEARCH_RESPONSE from hub-1
2021/01/12 22:16:50 [hub-1] Sending SEARCH_REQUEST to srg-1
2021/01/12 22:16:50 [hub-1] Received SEARCH_RESPONSE from hub-1
2021/01/12 22:16:50 [hub-1] Sending SEARCH_REQUEST to ref-1
2021/01/12 22:16:50 [ref-1] Sending SUBNET_REQUEST to hub-1
2021/01/12 22:16:50 [ref-1] Received SUBNET_RESPONSE from ref-1
2021/01/12 22:16:50 [ref-1] Sending LOCAL_SEARCH_REQUEST to srg-3
2021/01/12 22:16:50 [ref-1] Sending LOCAL_SEARCH_REQUEST to ref-3
2021/01/12 22:16:50 [ref-1] Sending LOCAL_SEARCH_REQUEST to ref-2
2021/01/12 22:16:50 [ref-1] Sending LOCAL_SEARCH_REQUEST to srg-1
2021/01/12 22:16:50 [ref-1] Sending LOCAL_SEARCH_REQUEST to srg-2
2021/01/12 22:16:50 [ref-1] Received LOCAL_SEARCH_RESPONSE from ref-1
2021/01/12 22:16:50 [ref-1] Received LOCAL_SEARCH_RESPONSE from ref-1
2021/01/12 22:16:50 [ref-1] Received LOCAL_SEARCH_RESPONSE from ref-1
2021/01/12 22:16:50 [ref-1] Received LOCAL_SEARCH_RESPONSE from ref-1
2021/01/12 22:16:50 [ref-1] Received LOCAL_SEARCH_RESPONSE from ref-1
2021/01/12 22:16:50 [hub-1] Received SEARCH_RESPONSE from hub-1
2021/01/12 22:16:50 [hub-1] Sending SEARCH_REQUEST to srg-1
2021/01/12 22:16:50 [hub-1] Received SEARCH_RESPONSE from hub-1
2021/01/12 22:16:50 [hub-1] Sending SEARCH_REQUEST to ref-2
2021/01/12 22:16:50 [ref-2] Sending SUBNET_REQUEST to hub-1
2021/01/12 22:16:50 [ref-2] Received SUBNET_RESPONSE from ref-2
2021/01/12 22:16:50 [ref-2] Sending LOCAL_SEARCH_REQUEST to srg-3
2021/01/12 22:16:50 [ref-2] Sending LOCAL_SEARCH_REQUEST to ref-3
2021/01/12 22:16:50 [ref-2] Sending LOCAL_SEARCH_REQUEST to ref-1
2021/01/12 22:16:50 [ref-2] Sending LOCAL_SEARCH_REQUEST to srg-1
2021/01/12 22:16:50 [ref-2] Sending LOCAL_SEARCH_REQUEST to srg-2
2021/01/12 22:16:50 [ref-2] Received LOCAL_SEARCH_RESPONSE from ref-2
2021/01/12 22:16:50 [ref-2] Received LOCAL_SEARCH_RESPONSE from ref-2
2021/01/12 22:16:50 [ref-2] Received LOCAL_SEARCH_RESPONSE from ref-2
2021/01/12 22:16:50 [ref-2] Received LOCAL_SEARCH_RESPONSE from ref-2
2021/01/12 22:16:50 [ref-2] Received LOCAL_SEARCH_RESPONSE from ref-2
2021/01/12 22:16:50 [hub-1] Received SEARCH_RESPONSE from hub-1
2021/01/12 22:16:50 [hub-1] Sending SEARCH_REQUEST to srg-2
2021/01/12 22:16:50 [hub-1] Received SEARCH_RESPONSE from hub-1
2021/01/12 22:16:50 [hub-1] Sending SEARCH_REQUEST to ref-2
2021/01/12 22:16:50 [ref-2] Sending SUBNET_REQUEST to hub-1
2021/01/12 22:16:50 [ref-2] Received SUBNET_RESPONSE from ref-2
2021/01/12 22:16:50 [ref-2] Sending LOCAL_SEARCH_REQUEST to srg-3
2021/01/12 22:16:50 [ref-2] Sending LOCAL_SEARCH_REQUEST to ref-3
2021/01/12 22:16:50 [ref-2] Sending LOCAL_SEARCH_REQUEST to ref-1
2021/01/12 22:16:50 [ref-2] Sending LOCAL_SEARCH_REQUEST to srg-1
2021/01/12 22:16:50 [ref-2] Sending LOCAL_SEARCH_REQUEST to srg-2
2021/01/12 22:16:50 [ref-2] Received LOCAL_SEARCH_RESPONSE from ref-2
2021/01/12 22:16:50 [ref-2] Received LOCAL_SEARCH_RESPONSE from ref-2
2021/01/12 22:16:50 [ref-2] Received LOCAL_SEARCH_RESPONSE from ref-2
2021/01/12 22:16:50 [ref-2] Received LOCAL_SEARCH_RESPONSE from ref-2
2021/01/12 22:16:50 [ref-2] Received LOCAL_SEARCH_RESPONSE from ref-2
2021/01/12 22:16:50 [hub-1] Received SEARCH_RESPONSE from hub-1
2021/01/12 22:16:50 [hub-1] Sending SEARCH_REQUEST to srg-2
2021/01/12 22:16:50 [hub-1] Received SEARCH_RESPONSE from hub-1
2021/01/12 22:16:50 [hub-1] Sending SEARCH_REQUEST to ref-2
2021/01/12 22:16:50 [ref-2] Sending SUBNET_REQUEST to hub-1
2021/01/12 22:16:50 [ref-2] Received SUBNET_RESPONSE from ref-2
2021/01/12 22:16:50 [ref-2] Sending LOCAL_SEARCH_REQUEST to srg-3
2021/01/12 22:16:50 [ref-2] Sending LOCAL_SEARCH_REQUEST to ref-1
2021/01/12 22:16:50 [ref-2] Sending LOCAL_SEARCH_REQUEST to srg-2
2021/01/12 22:16:50 [ref-2] Sending LOCAL_SEARCH_REQUEST to srg-1
2021/01/12 22:16:50 [ref-2] Sending LOCAL_SEARCH_REQUEST to ref-3
2021/01/12 22:16:50 [ref-2] Received LOCAL_SEARCH_RESPONSE from ref-2
2021/01/12 22:16:50 [ref-2] Received LOCAL_SEARCH_RESPONSE from ref-2
2021/01/12 22:16:50 [ref-2] Received LOCAL_SEARCH_RESPONSE from ref-2
2021/01/12 22:16:50 [ref-2] Received LOCAL_SEARCH_RESPONSE from ref-2
2021/01/12 22:16:50 [ref-2] Received LOCAL_SEARCH_RESPONSE from ref-2
2021/01/12 22:16:50 [hub-1] Received SEARCH_RESPONSE from hub-1
2021/01/12 22:16:50 [hub-1] Sending SEARCH_REQUEST to srg-2
2021/01/12 22:16:50 [hub-1] Received SEARCH_RESPONSE from hub-1
2021/01/12 22:16:50 [hub-1] Sending SEARCH_REQUEST to ref-3
2021/01/12 22:16:50 [ref-3] Sending SUBNET_REQUEST to hub-1
2021/01/12 22:16:50 [ref-3] Received SUBNET_RESPONSE from ref-3
2021/01/12 22:16:50 [ref-3] Sending LOCAL_SEARCH_REQUEST to srg-3
2021/01/12 22:16:50 [ref-3] Sending LOCAL_SEARCH_REQUEST to ref-2
2021/01/12 22:16:50 [ref-3] Sending LOCAL_SEARCH_REQUEST to ref-1
2021/01/12 22:16:50 [ref-3] Sending LOCAL_SEARCH_REQUEST to srg-2
2021/01/12 22:16:50 [ref-3] Sending LOCAL_SEARCH_REQUEST to srg-1
2021/01/12 22:16:50 [ref-3] Received LOCAL_SEARCH_RESPONSE from ref-3
2021/01/12 22:16:50 [ref-3] Received LOCAL_SEARCH_RESPONSE from ref-3
2021/01/12 22:16:50 [ref-3] Received LOCAL_SEARCH_RESPONSE from ref-3
2021/01/12 22:16:50 [ref-3] Received LOCAL_SEARCH_RESPONSE from ref-3
2021/01/12 22:16:50 [ref-3] Received LOCAL_SEARCH_RESPONSE from ref-3
2021/01/12 22:16:50 [hub-1] Received SEARCH_RESPONSE from hub-1
2021/01/12 22:16:50 [hub-1] Sending SEARCH_REQUEST to srg-3
2021/01/12 22:16:50 [hub-1] Received SEARCH_RESPONSE from hub-1
2021/01/12 22:16:50 [hub-1] Sending SEARCH_REQUEST to ref-3
2021/01/12 22:16:50 [ref-3] Sending SUBNET_REQUEST to hub-1
2021/01/12 22:16:50 [ref-3] Received SUBNET_RESPONSE from ref-3
2021/01/12 22:16:50 [ref-3] Sending LOCAL_SEARCH_REQUEST to srg-3
2021/01/12 22:16:50 [ref-3] Sending LOCAL_SEARCH_REQUEST to ref-1
2021/01/12 22:16:50 [ref-3] Sending LOCAL_SEARCH_REQUEST to srg-2
2021/01/12 22:16:50 [ref-3] Sending LOCAL_SEARCH_REQUEST to srg-1
2021/01/12 22:16:50 [ref-3] Sending LOCAL_SEARCH_REQUEST to ref-2
2021/01/12 22:16:50 [ref-3] Received LOCAL_SEARCH_RESPONSE from ref-3
2021/01/12 22:16:50 [ref-3] Received LOCAL_SEARCH_RESPONSE from ref-3
2021/01/12 22:16:50 [ref-3] Received LOCAL_SEARCH_RESPONSE from ref-3
2021/01/12 22:16:50 [ref-3] Received LOCAL_SEARCH_RESPONSE from ref-3
2021/01/12 22:16:50 [ref-3] Received LOCAL_SEARCH_RESPONSE from ref-3
2021/01/12 22:16:50 [hub-1] Received SEARCH_RESPONSE from hub-1
2021/01/12 22:16:50 [hub-1] Sending SEARCH_REQUEST to srg-3
2021/01/12 22:16:50 [hub-1] Received SEARCH_RESPONSE from hub-1
2021/01/12 22:16:50 [hub-1] Sending SEARCH_REQUEST to ref-3
2021/01/12 22:16:50 [ref-3] Sending SUBNET_REQUEST to hub-1
2021/01/12 22:16:50 [ref-3] Received SUBNET_RESPONSE from ref-3
2021/01/12 22:16:50 [ref-3] Sending LOCAL_SEARCH_REQUEST to srg-3
2021/01/12 22:16:50 [ref-3] Sending LOCAL_SEARCH_REQUEST to ref-2
2021/01/12 22:16:50 [ref-3] Sending LOCAL_SEARCH_REQUEST to srg-2
2021/01/12 22:16:50 [ref-3] Sending LOCAL_SEARCH_REQUEST to ref-1
2021/01/12 22:16:50 [ref-3] Sending LOCAL_SEARCH_REQUEST to srg-1
2021/01/12 22:16:50 [ref-3] Received LOCAL_SEARCH_RESPONSE from ref-3
2021/01/12 22:16:50 [ref-3] Received LOCAL_SEARCH_RESPONSE from ref-3
2021/01/12 22:16:50 [ref-3] Received LOCAL_SEARCH_RESPONSE from ref-3
2021/01/12 22:16:50 [ref-3] Received LOCAL_SEARCH_RESPONSE from ref-3
2021/01/12 22:16:50 [ref-3] Received LOCAL_SEARCH_RESPONSE from ref-3
2021/01/12 22:16:50 [hub-1] Received SEARCH_RESPONSE from hub-1
2021/01/12 22:16:50 [hub-1] Sending SEARCH_REQUEST to srg-3
2021/01/12 22:16:50 [hub-1] Received SEARCH_RESPONSE from hub-1
2021/01/12 22:16:50 [hub-1] ============================================================
2021/01/12 22:16:50 [hub-1] Testing ClientDownloadExisting ...
2021/01/12 22:16:50 [hub-1] Sending DOWNLOAD_REQUEST to ref-1
2021/01/12 22:16:50 [hub-1] Received DOWNLOAD_RESPONSE from hub-1
2021/01/12 22:16:50 [hub-1] Sending DOWNLOAD_REQUEST to srg-1
2021/01/12 22:16:50 [hub-1] Received DOWNLOAD_RESPONSE from hub-1
2021/01/12 22:16:50 [hub-1] Sending DOWNLOAD_REQUEST to ref-1
2021/01/12 22:16:50 [hub-1] Received DOWNLOAD_RESPONSE from hub-1
2021/01/12 22:16:50 [hub-1] Sending DOWNLOAD_REQUEST to srg-1
2021/01/12 22:16:50 [hub-1] Received DOWNLOAD_RESPONSE from hub-1
2021/01/12 22:16:50 [hub-1] Sending DOWNLOAD_REQUEST to ref-2
2021/01/12 22:16:50 [hub-1] Received DOWNLOAD_RESPONSE from hub-1
2021/01/12 22:16:50 [hub-1] Sending DOWNLOAD_REQUEST to srg-2
2021/01/12 22:16:50 [hub-1] Received DOWNLOAD_RESPONSE from hub-1
2021/01/12 22:16:50 [hub-1] Sending DOWNLOAD_REQUEST to ref-2
2021/01/12 22:16:50 [hub-1] Received DOWNLOAD_RESPONSE from hub-1
2021/01/12 22:16:50 [hub-1] Sending DOWNLOAD_REQUEST to srg-2
2021/01/12 22:16:50 [hub-1] Received DOWNLOAD_RESPONSE from hub-1
2021/01/12 22:16:50 [hub-1] Sending DOWNLOAD_REQUEST to ref-3
2021/01/12 22:16:50 [hub-1] Received DOWNLOAD_RESPONSE from hub-1
2021/01/12 22:16:50 [hub-1] Sending DOWNLOAD_REQUEST to srg-3
2021/01/12 22:16:50 [hub-1] Received DOWNLOAD_RESPONSE from hub-1
2021/01/12 22:16:50 [hub-1] Sending DOWNLOAD_REQUEST to ref-3
2021/01/12 22:16:50 [hub-1] Received DOWNLOAD_RESPONSE from hub-1
2021/01/12 22:16:50 [hub-1] Sending DOWNLOAD_REQUEST to srg-3
2021/01/12 22:16:50 [hub-1] Received DOWNLOAD_RESPONSE from hub-1
2021/01/12 22:16:50 [hub-1] ============================================================
2021/01/12 22:16:50 [hub-1] Testing ClientDownloadMissing ...
2021/01/12 22:16:50 [hub-1] Sending DOWNLOAD_REQUEST to ref-1
2021/01/12 22:16:50 [hub-1] Received DOWNLOAD_RESPONSE from hub-1
2021/01/12 22:16:50 [hub-1] Sending DOWNLOAD_REQUEST to srg-1
2021/01/12 22:16:50 [hub-1] Received DOWNLOAD_RESPONSE from hub-1
2021/01/12 22:16:50 [hub-1] Sending DOWNLOAD_REQUEST to ref-2
2021/01/12 22:16:50 [hub-1] Received DOWNLOAD_RESPONSE from hub-1
2021/01/12 22:16:50 [hub-1] Sending DOWNLOAD_REQUEST to srg-2
2021/01/12 22:16:50 [hub-1] Received DOWNLOAD_RESPONSE from hub-1
2021/01/12 22:16:50 [hub-1] Sending DOWNLOAD_REQUEST to ref-3
2021/01/12 22:16:50 [hub-1] Received DOWNLOAD_RESPONSE from hub-1
2021/01/12 22:16:50 [hub-1] Sending DOWNLOAD_REQUEST to srg-3
2021/01/12 22:16:50 [hub-1] Received DOWNLOAD_RESPONSE from hub-1
2021/01/12 22:16:50 [hub-1] ============================================================
2021/01/12 22:16:50 [hub-1] Node execution statistics
2021/01/12 22:16:50 [hub-1]     ref-1 0 errors. CONGRATULATIONS!
2021/01/12 22:16:50 [hub-1]     ref-2 0 errors. CONGRATULATIONS!
2021/01/12 22:16:50 [hub-1]     ref-3 0 errors. CONGRATULATIONS!
2021/01/12 22:16:50 [hub-1]     srg-1 0 errors. CONGRATULATIONS!
2021/01/12 22:16:50 [hub-1]     srg-2 0 errors. CONGRATULATIONS!
2021/01/12 22:16:50 [hub-1]     srg-3 0 errors. CONGRATULATIONS!
2021/01/12 22:16:56 [ref-1] Stopping ... 
2021/01/12 22:16:56 [ref-2] Stopping ... 
2021/01/12 22:16:56 [ref-3] Stopping ... 
2021/01/12 22:16:56 [hub-1] Stopping ... 
