[ srg-2 ]  Socket listening on port 6002
[ srg-2 ]  Sending REGISTRATION_REQUEST to hub-1
[ srg-2 ]  Received REGISTRATION_RESPONSE from hub-1
[ srg-1 ]  Socket listening on port 6001
[ srg-1 ]  Sending REGISTRATION_REQUEST to hub-1
[ srg-1 ]  Received REGISTRATION_RESPONSE from hub-1
[ srg-3 ]  Socket listening on port 6003
[ srg-3 ]  Sending REGISTRATION_REQUEST to hub-1
[ srg-3 ]  Received REGISTRATION_RESPONSE from hub-1
[ srg-1 ] [ UploadRequest ] Storing locally ping-528363897.dat
[ srg-2 ] [ UploadRequest ] Storing locally ping-528363897.dat
[ srg-3 ] [ UploadRequest ] Storing locally ping-528363897.dat
[ srg-1 ] [ UploadRequest ] Storing locally A-524811570.dat
[ srg-2 ] [ UploadRequest ] Storing locally B-526213955.dat
[ srg-3 ] [ UploadRequest ] Storing locally C-527367216.dat
[ srg-1 ] [ ReplicateRequest ] Searching for B-526213955.dat
[ srg-1 ]  Sending SUBNET_REQUEST to hub-1
[ srg-1 ]  Received SUBNET_RESPONSE from hub-1
[ srg-1 ]  Sending CHUNK_REQUEST to ref-1
[ srg-1 ]  Sending CHUNK_REQUEST to ref-1
[ srg-1 ]  Sending CHUNK_REQUEST to ref-1
[ srg-1 ]  Sending CHUNK_REQUEST to ref-1
[ srg-1 ]  Sending CHUNK_REQUEST to ref-1
[ srg-1 ]  Sending CHUNK_REQUEST to ref-1
[ srg-1 ]  Sending CHUNK_REQUEST to ref-1
[ srg-1 ]  Sending CHUNK_REQUEST to ref-1
[ srg-1 ]  Sending CHUNK_REQUEST to ref-1
[ srg-1 ]  Sending CHUNK_REQUEST to ref-1
[ srg-1 ]  Sending CHUNK_REQUEST to ref-1
[ srg-1 ]  Sending CHUNK_REQUEST to ref-1
[ srg-1 ]  Sending CHUNK_REQUEST to ref-1
[ srg-1 ]  Sending CHUNK_REQUEST to ref-1
[ srg-1 ]  Sending CHUNK_REQUEST to ref-1
[ srg-1 ]  Sending CHUNK_REQUEST to ref-1
[ srg-1 ]  Sending CHUNK_REQUEST to ref-1
[ srg-1 ]  Sending CHUNK_REQUEST to ref-1
[ srg-1 ]  Sending CHUNK_REQUEST to ref-1
[ srg-1 ]  Sending CHUNK_REQUEST to ref-1
[ srg-1 ]  Sending CHUNK_REQUEST to ref-1
[ srg-1 ]  Sending CHUNK_REQUEST to ref-1
[ srg-1 ]  Sending CHUNK_REQUEST to ref-1
[ srg-1 ]  Received CHUNK_RESPONSE from ref-1
[ srg-1 ]  Received CHUNK_RESPONSE from ref-1
[ srg-1 ]  Received CHUNK_RESPONSE from ref-1
[ srg-1 ]  Received CHUNK_RESPONSE from ref-1
[ srg-1 ]  Received CHUNK_RESPONSE from ref-1
[ srg-1 ]  Received CHUNK_RESPONSE from ref-1
[ srg-1 ]  Received CHUNK_RESPONSE from ref-1
[ srg-1 ]  Received CHUNK_RESPONSE from ref-1
[ srg-1 ]  Received CHUNK_RESPONSE from ref-1
[ srg-1 ]  Received CHUNK_RESPONSE from ref-1
[ srg-1 ]  Received CHUNK_RESPONSE from ref-1
[ srg-1 ]  Received CHUNK_RESPONSE from ref-1
[ srg-1 ]  Received CHUNK_RESPONSE from ref-1
[ srg-1 ]  Received CHUNK_RESPONSE from ref-1
[ srg-1 ]  Received CHUNK_RESPONSE from ref-1
[ srg-1 ]  Received CHUNK_RESPONSE from ref-1
[ srg-1 ]  Received CHUNK_RESPONSE from ref-1
[ srg-1 ]  Received CHUNK_RESPONSE from ref-1
[ srg-1 ]  Received CHUNK_RESPONSE from ref-1
[ srg-1 ]  Received CHUNK_RESPONSE from ref-1
[ srg-1 ]  Received CHUNK_RESPONSE from ref-1
[ srg-1 ]  Received CHUNK_RESPONSE from ref-1
[ srg-1 ]  Received CHUNK_RESPONSE from ref-1
[ srg-2 ] [ ReplicateRequest ] Searching for C-527367216.dat
[ srg-2 ]  Sending SUBNET_REQUEST to hub-1
[ srg-2 ]  Received SUBNET_RESPONSE from hub-1
[ srg-2 ]  Sending CHUNK_REQUEST to ref-1
[ srg-2 ]  Sending CHUNK_REQUEST to ref-1
[ srg-2 ]  Sending CHUNK_REQUEST to ref-1
[ srg-2 ]  Sending CHUNK_REQUEST to ref-1
[ srg-2 ]  Sending CHUNK_REQUEST to ref-1
[ srg-2 ]  Sending CHUNK_REQUEST to ref-1
[ srg-2 ]  Sending CHUNK_REQUEST to ref-1
[ srg-2 ]  Sending CHUNK_REQUEST to ref-1
[ srg-2 ]  Sending CHUNK_REQUEST to ref-1
[ srg-2 ]  Sending CHUNK_REQUEST to ref-1
[ srg-2 ]  Sending CHUNK_REQUEST to ref-1
[ srg-2 ]  Sending CHUNK_REQUEST to ref-1
[ srg-2 ]  Sending CHUNK_REQUEST to ref-1
[ srg-2 ]  Sending CHUNK_REQUEST to ref-1
[ srg-2 ]  Sending CHUNK_REQUEST to ref-1
[ srg-2 ]  Sending CHUNK_REQUEST to ref-1
[ srg-2 ]  Sending CHUNK_REQUEST to ref-1
[ srg-2 ]  Sending CHUNK_REQUEST to ref-1
[ srg-2 ]  Sending CHUNK_REQUEST to ref-1
[ srg-2 ]  Sending CHUNK_REQUEST to ref-1
[ srg-2 ]  Sending CHUNK_REQUEST to ref-1
[ srg-2 ]  Sending CHUNK_REQUEST to ref-1
[ srg-2 ]  Sending CHUNK_REQUEST to ref-1
[ srg-2 ]  Received CHUNK_RESPONSE from ref-1
[ srg-2 ]  Received CHUNK_RESPONSE from ref-1
[ srg-2 ]  Sending CHUNK_REQUEST to ref-3
[ srg-2 ]  Sending CHUNK_REQUEST to ref-3
[ srg-2 ]  Received CHUNK_RESPONSE from ref-3
[ srg-2 ]  Received CHUNK_RESPONSE from ref-3
[ srg-2 ]  Received CHUNK_RESPONSE from ref-1
[ srg-2 ]  Received CHUNK_RESPONSE from ref-1
[ srg-2 ]  Received CHUNK_RESPONSE from ref-1
[ srg-2 ]  Received CHUNK_RESPONSE from ref-1
[ srg-2 ]  Received CHUNK_RESPONSE from ref-1
[ srg-2 ]  Received CHUNK_RESPONSE from ref-1
[ srg-2 ]  Received CHUNK_RESPONSE from ref-1
[ srg-2 ]  Received CHUNK_RESPONSE from ref-1
[ srg-2 ]  Received CHUNK_RESPONSE from ref-1
[ srg-2 ]  Received CHUNK_RESPONSE from ref-1
[ srg-2 ]  Received CHUNK_RESPONSE from ref-1
[ srg-2 ]  Received CHUNK_RESPONSE from ref-1
[ srg-2 ]  Received CHUNK_RESPONSE from ref-1
[ srg-2 ]  Received CHUNK_RESPONSE from ref-1
[ srg-2 ]  Received CHUNK_RESPONSE from ref-1
[ srg-2 ]  Received CHUNK_RESPONSE from ref-1
[ srg-2 ]  Received CHUNK_RESPONSE from ref-1
[ srg-2 ]  Received CHUNK_RESPONSE from ref-1
[ srg-2 ]  Received CHUNK_RESPONSE from ref-1
[ srg-2 ]  Received CHUNK_RESPONSE from ref-1
[ srg-2 ]  Received CHUNK_RESPONSE from ref-1
[ srg-2 ]  Sending CHUNK_REQUEST to ref-3
[ srg-2 ]  Sending CHUNK_REQUEST to ref-3
[ srg-2 ]  Sending CHUNK_REQUEST to ref-3
[ srg-2 ]  Sending CHUNK_REQUEST to ref-3
[ srg-2 ]  Sending CHUNK_REQUEST to ref-3
[ srg-2 ]  Sending CHUNK_REQUEST to ref-3
[ srg-2 ]  Sending CHUNK_REQUEST to ref-3
[ srg-2 ]  Sending CHUNK_REQUEST to ref-3
[ srg-2 ]  Sending CHUNK_REQUEST to ref-3
[ srg-2 ]  Sending CHUNK_REQUEST to ref-3
[ srg-2 ]  Sending CHUNK_REQUEST to ref-3
[ srg-2 ]  Sending CHUNK_REQUEST to ref-3
[ srg-2 ]  Sending CHUNK_REQUEST to ref-3
[ srg-2 ]  Sending CHUNK_REQUEST to ref-3
[ srg-2 ]  Sending CHUNK_REQUEST to ref-3
[ srg-2 ]  Sending CHUNK_REQUEST to ref-3
[ srg-2 ]  Sending CHUNK_REQUEST to ref-3
[ srg-2 ]  Sending CHUNK_REQUEST to ref-3
[ srg-2 ]  Sending CHUNK_REQUEST to ref-3
[ srg-2 ]  Sending CHUNK_REQUEST to ref-3
[ srg-2 ]  Sending CHUNK_REQUEST to ref-3
[ srg-2 ]  Received CHUNK_RESPONSE from ref-3
[ srg-2 ]  Received CHUNK_RESPONSE from ref-3
[ srg-2 ]  Received CHUNK_RESPONSE from ref-3
[ srg-2 ]  Received CHUNK_RESPONSE from ref-3
[ srg-2 ]  Received CHUNK_RESPONSE from ref-3
[ srg-2 ]  Received CHUNK_RESPONSE from ref-3
[ srg-2 ]  Received CHUNK_RESPONSE from ref-3
[ srg-2 ]  Received CHUNK_RESPONSE from ref-3
[ srg-2 ]  Received CHUNK_RESPONSE from ref-3
[ srg-2 ]  Received CHUNK_RESPONSE from ref-3
[ srg-2 ]  Received CHUNK_RESPONSE from ref-3
[ srg-2 ]  Received CHUNK_RESPONSE from ref-3
[ srg-2 ]  Received CHUNK_RESPONSE from ref-3
[ srg-2 ]  Received CHUNK_RESPONSE from ref-3
[ srg-2 ]  Received CHUNK_RESPONSE from ref-3
[ srg-2 ]  Received CHUNK_RESPONSE from ref-3
[ srg-2 ]  Received CHUNK_RESPONSE from ref-3
[ srg-2 ]  Received CHUNK_RESPONSE from ref-3
[ srg-2 ]  Received CHUNK_RESPONSE from ref-3
[ srg-2 ]  Received CHUNK_RESPONSE from ref-3
[ srg-2 ]  Received CHUNK_RESPONSE from ref-3
[ srg-3 ] [ ReplicateRequest ] Searching for A-524811570.dat
[ srg-3 ]  Sending SUBNET_REQUEST to hub-1
[ srg-3 ]  Received SUBNET_RESPONSE from hub-1
[ srg-3 ]  Sending CHUNK_REQUEST to ref-1
[ srg-3 ]  Sending CHUNK_REQUEST to ref-1
[ srg-3 ]  Sending CHUNK_REQUEST to ref-1
[ srg-3 ]  Sending CHUNK_REQUEST to ref-1
[ srg-3 ]  Sending CHUNK_REQUEST to ref-1
[ srg-3 ]  Sending CHUNK_REQUEST to ref-1
[ srg-3 ]  Sending CHUNK_REQUEST to ref-1
[ srg-3 ]  Sending CHUNK_REQUEST to ref-1
[ srg-3 ]  Sending CHUNK_REQUEST to ref-1
[ srg-3 ]  Sending CHUNK_REQUEST to ref-1
[ srg-3 ]  Sending CHUNK_REQUEST to ref-1
[ srg-3 ]  Sending CHUNK_REQUEST to ref-1
[ srg-3 ]  Sending CHUNK_REQUEST to ref-1
[ srg-3 ]  Sending CHUNK_REQUEST to ref-1
[ srg-3 ]  Sending CHUNK_REQUEST to ref-1
[ srg-3 ]  Sending CHUNK_REQUEST to ref-1
[ srg-3 ]  Sending CHUNK_REQUEST to ref-1
[ srg-3 ]  Sending CHUNK_REQUEST to ref-1
[ srg-3 ]  Sending CHUNK_REQUEST to ref-1
[ srg-3 ]  Sending CHUNK_REQUEST to ref-1
[ srg-3 ]  Sending CHUNK_REQUEST to ref-1
[ srg-3 ]  Sending CHUNK_REQUEST to ref-1
[ srg-3 ]  Sending CHUNK_REQUEST to ref-1
[ srg-3 ]  Sending CHUNK_REQUEST to ref-1
[ srg-3 ]  Sending CHUNK_REQUEST to ref-1
[ srg-3 ]  Sending CHUNK_REQUEST to ref-1
[ srg-3 ]  Received CHUNK_RESPONSE from ref-1
[ srg-3 ]  Received CHUNK_RESPONSE from ref-1
[ srg-3 ]  Received CHUNK_RESPONSE from ref-1
[ srg-3 ]  Received CHUNK_RESPONSE from ref-1
[ srg-3 ]  Received CHUNK_RESPONSE from ref-1
[ srg-3 ]  Received CHUNK_RESPONSE from ref-1
[ srg-3 ]  Received CHUNK_RESPONSE from ref-1
[ srg-3 ]  Received CHUNK_RESPONSE from ref-1
[ srg-3 ]  Received CHUNK_RESPONSE from ref-1
[ srg-3 ]  Received CHUNK_RESPONSE from ref-1
[ srg-3 ]  Received CHUNK_RESPONSE from ref-1
[ srg-3 ]  Received CHUNK_RESPONSE from ref-1
[ srg-3 ]  Received CHUNK_RESPONSE from ref-1
[ srg-3 ]  Received CHUNK_RESPONSE from ref-1
[ srg-3 ]  Received CHUNK_RESPONSE from ref-1
[ srg-3 ]  Received CHUNK_RESPONSE from ref-1
[ srg-3 ]  Received CHUNK_RESPONSE from ref-1
[ srg-3 ]  Received CHUNK_RESPONSE from ref-1
[ srg-3 ]  Received CHUNK_RESPONSE from ref-1
[ srg-3 ]  Received CHUNK_RESPONSE from ref-1
[ srg-3 ]  Received CHUNK_RESPONSE from ref-1
[ srg-3 ]  Received CHUNK_RESPONSE from ref-1
[ srg-3 ]  Received CHUNK_RESPONSE from ref-1
[ srg-3 ]  Received CHUNK_RESPONSE from ref-1
[ srg-3 ]  Received CHUNK_RESPONSE from ref-1
[ srg-3 ]  Received CHUNK_RESPONSE from ref-1
[ srg-1 ] [ LocalSearchRequest ] Searching locally using regex "A-524811570.dat"
[ srg-1 ] [ LocalSearchRequest ] Searching locally using regex "B-526213955.dat"
[ srg-2 ] [ LocalSearchRequest ] Searching locally using regex "B-526213955.dat"
[ srg-2 ] [ LocalSearchRequest ] Searching locally using regex "C-527367216.dat"
[ srg-3 ] [ LocalSearchRequest ] Searching locally using regex "C-527367216.dat"
[ srg-3 ] [ LocalSearchRequest ] Searching locally using regex "A-524811570.dat"
[ srg-1 ] [ LocalSearchRequest ] Searching locally using regex "C-527367216.dat"
[ srg-2 ] [ LocalSearchRequest ] Searching locally using regex "A-524811570.dat"
[ srg-3 ] [ LocalSearchRequest ] Searching locally using regex "B-526213955.dat"
[ srg-3 ] [ LocalSearchRequest ] Searching locally using regex "A-524811570.dat"
[ srg-2 ] [ LocalSearchRequest ] Searching locally using regex "A-524811570.dat"
[ srg-1 ] [ LocalSearchRequest ] Searching locally using regex "A-524811570.dat"
[ srg-1 ] [ SearchRequest ] Searching for A-524811570.dat
[ srg-1 ]  Sending SUBNET_REQUEST to hub-1
[ srg-1 ]  Received SUBNET_RESPONSE from hub-1
[ srg-1 ]  Sending LOCAL_SEARCH_REQUEST to ref-1
[ srg-1 ]  Sending LOCAL_SEARCH_REQUEST to ref-3
[ srg-1 ]  Sending LOCAL_SEARCH_REQUEST to ref-2
[ srg-1 ]  Sending LOCAL_SEARCH_REQUEST to srg-2
[ srg-1 ]  Sending LOCAL_SEARCH_REQUEST to srg-3
[ srg-2 ] [ LocalSearchRequest ] Searching locally using regex "A-524811570.dat"
[ srg-3 ] [ LocalSearchRequest ] Searching locally using regex "A-524811570.dat"
[ srg-1 ]  Received LOCAL_SEARCH_RESPONSE from ref-1
[ srg-1 ]  Received LOCAL_SEARCH_RESPONSE from ref-3
[ srg-1 ]  Received LOCAL_SEARCH_RESPONSE from ref-2
[ srg-1 ]  Received LOCAL_SEARCH_RESPONSE from srg-2
[ srg-1 ]  Received LOCAL_SEARCH_RESPONSE from srg-3
[ srg-3 ] [ LocalSearchRequest ] Searching locally using regex "B-526213955.dat"
[ srg-2 ] [ LocalSearchRequest ] Searching locally using regex "B-526213955.dat"
[ srg-1 ] [ LocalSearchRequest ] Searching locally using regex "B-526213955.dat"
[ srg-1 ] [ SearchRequest ] Searching for B-526213955.dat
[ srg-1 ]  Sending SUBNET_REQUEST to hub-1
[ srg-1 ]  Received SUBNET_RESPONSE from hub-1
[ srg-1 ]  Sending LOCAL_SEARCH_REQUEST to ref-1
[ srg-1 ]  Sending LOCAL_SEARCH_REQUEST to ref-3
[ srg-1 ]  Sending LOCAL_SEARCH_REQUEST to ref-2
[ srg-1 ]  Sending LOCAL_SEARCH_REQUEST to srg-2
[ srg-1 ]  Sending LOCAL_SEARCH_REQUEST to srg-3
[ srg-2 ] [ LocalSearchRequest ] Searching locally using regex "B-526213955.dat"
[ srg-3 ] [ LocalSearchRequest ] Searching locally using regex "B-526213955.dat"
[ srg-1 ]  Received LOCAL_SEARCH_RESPONSE from ref-1
[ srg-1 ]  Received LOCAL_SEARCH_RESPONSE from ref-3
[ srg-1 ]  Received LOCAL_SEARCH_RESPONSE from ref-2
[ srg-1 ]  Received LOCAL_SEARCH_RESPONSE from srg-3
[ srg-1 ]  Received LOCAL_SEARCH_RESPONSE from srg-2
[ srg-3 ] [ LocalSearchRequest ] Searching locally using regex "C-527367216.dat"
[ srg-1 ] [ LocalSearchRequest ] Searching locally using regex "C-527367216.dat"
[ srg-2 ] [ LocalSearchRequest ] Searching locally using regex "C-527367216.dat"
[ srg-1 ] [ SearchRequest ] Searching for C-527367216.dat
[ srg-1 ]  Sending SUBNET_REQUEST to hub-1
[ srg-1 ]  Received SUBNET_RESPONSE from hub-1
[ srg-1 ]  Sending LOCAL_SEARCH_REQUEST to ref-1
[ srg-1 ]  Sending LOCAL_SEARCH_REQUEST to ref-3
[ srg-1 ]  Sending LOCAL_SEARCH_REQUEST to ref-2
[ srg-1 ]  Sending LOCAL_SEARCH_REQUEST to srg-2
[ srg-1 ]  Sending LOCAL_SEARCH_REQUEST to srg-3
[ srg-2 ] [ LocalSearchRequest ] Searching locally using regex "C-527367216.dat"
[ srg-1 ]  Received LOCAL_SEARCH_RESPONSE from ref-1
[ srg-1 ]  Received LOCAL_SEARCH_RESPONSE from ref-3
[ srg-1 ]  Received LOCAL_SEARCH_RESPONSE from ref-2
[ srg-1 ]  Received LOCAL_SEARCH_RESPONSE from srg-2
[ srg-3 ] [ LocalSearchRequest ] Searching locally using regex "C-527367216.dat"
[ srg-1 ]  Received LOCAL_SEARCH_RESPONSE from srg-3
[ srg-3 ] [ LocalSearchRequest ] Searching locally using regex "A-524811570.dat"
[ srg-2 ] [ LocalSearchRequest ] Searching locally using regex "A-524811570.dat"
[ srg-1 ] [ LocalSearchRequest ] Searching locally using regex "A-524811570.dat"
[ srg-2 ] [ SearchRequest ] Searching for A-524811570.dat
[ srg-2 ]  Sending SUBNET_REQUEST to hub-1
[ srg-2 ]  Received SUBNET_RESPONSE from hub-1
[ srg-2 ]  Sending LOCAL_SEARCH_REQUEST to ref-1
[ srg-2 ]  Sending LOCAL_SEARCH_REQUEST to ref-3
[ srg-2 ]  Sending LOCAL_SEARCH_REQUEST to ref-2
[ srg-2 ]  Sending LOCAL_SEARCH_REQUEST to srg-1
[ srg-2 ]  Sending LOCAL_SEARCH_REQUEST to srg-3
[ srg-1 ] [ LocalSearchRequest ] Searching locally using regex "A-524811570.dat"
[ srg-3 ] [ LocalSearchRequest ] Searching locally using regex "A-524811570.dat"
[ srg-2 ]  Received LOCAL_SEARCH_RESPONSE from ref-1
[ srg-2 ]  Received LOCAL_SEARCH_RESPONSE from ref-3
[ srg-2 ]  Received LOCAL_SEARCH_RESPONSE from ref-2
[ srg-2 ]  Received LOCAL_SEARCH_RESPONSE from srg-1
[ srg-2 ]  Received LOCAL_SEARCH_RESPONSE from srg-3
[ srg-2 ] [ LocalSearchRequest ] Searching locally using regex "B-526213955.dat"
[ srg-1 ] [ LocalSearchRequest ] Searching locally using regex "B-526213955.dat"
[ srg-3 ] [ LocalSearchRequest ] Searching locally using regex "B-526213955.dat"
[ srg-2 ] [ SearchRequest ] Searching for B-526213955.dat
[ srg-2 ]  Sending SUBNET_REQUEST to hub-1
[ srg-2 ]  Received SUBNET_RESPONSE from hub-1
[ srg-2 ]  Sending LOCAL_SEARCH_REQUEST to ref-1
[ srg-2 ]  Sending LOCAL_SEARCH_REQUEST to ref-3
[ srg-2 ]  Sending LOCAL_SEARCH_REQUEST to ref-2
[ srg-2 ]  Sending LOCAL_SEARCH_REQUEST to srg-1
[ srg-2 ]  Sending LOCAL_SEARCH_REQUEST to srg-3
[ srg-1 ] [ LocalSearchRequest ] Searching locally using regex "B-526213955.dat"
[ srg-3 ] [ LocalSearchRequest ] Searching locally using regex "B-526213955.dat"
[ srg-2 ]  Received LOCAL_SEARCH_RESPONSE from ref-1
[ srg-2 ]  Received LOCAL_SEARCH_RESPONSE from ref-3
[ srg-2 ]  Received LOCAL_SEARCH_RESPONSE from ref-2
[ srg-2 ]  Received LOCAL_SEARCH_RESPONSE from srg-3
[ srg-2 ]  Received LOCAL_SEARCH_RESPONSE from srg-1
[ srg-3 ] [ LocalSearchRequest ] Searching locally using regex "C-527367216.dat"
[ srg-2 ] [ LocalSearchRequest ] Searching locally using regex "C-527367216.dat"
[ srg-1 ] [ LocalSearchRequest ] Searching locally using regex "C-527367216.dat"
[ srg-2 ] [ SearchRequest ] Searching for C-527367216.dat
[ srg-2 ]  Sending SUBNET_REQUEST to hub-1
[ srg-2 ]  Received SUBNET_RESPONSE from hub-1
[ srg-2 ]  Sending LOCAL_SEARCH_REQUEST to ref-1
[ srg-2 ]  Sending LOCAL_SEARCH_REQUEST to ref-3
[ srg-2 ]  Sending LOCAL_SEARCH_REQUEST to ref-2
[ srg-2 ]  Sending LOCAL_SEARCH_REQUEST to srg-1
[ srg-2 ]  Sending LOCAL_SEARCH_REQUEST to srg-3
[ srg-2 ]  Received LOCAL_SEARCH_RESPONSE from ref-1
[ srg-2 ]  Received LOCAL_SEARCH_RESPONSE from ref-3
[ srg-2 ]  Received LOCAL_SEARCH_RESPONSE from ref-2
[ srg-1 ] [ LocalSearchRequest ] Searching locally using regex "C-527367216.dat"
[ srg-2 ]  Received LOCAL_SEARCH_RESPONSE from srg-1
[ srg-3 ] [ LocalSearchRequest ] Searching locally using regex "C-527367216.dat"
[ srg-2 ]  Received LOCAL_SEARCH_RESPONSE from srg-3
[ srg-3 ] [ LocalSearchRequest ] Searching locally using regex "A-524811570.dat"
[ srg-2 ] [ LocalSearchRequest ] Searching locally using regex "A-524811570.dat"
[ srg-1 ] [ LocalSearchRequest ] Searching locally using regex "A-524811570.dat"
[ srg-3 ] [ SearchRequest ] Searching for A-524811570.dat
[ srg-3 ]  Sending SUBNET_REQUEST to hub-1
[ srg-3 ]  Received SUBNET_RESPONSE from hub-1
[ srg-3 ]  Sending LOCAL_SEARCH_REQUEST to ref-1
[ srg-3 ]  Sending LOCAL_SEARCH_REQUEST to ref-3
[ srg-3 ]  Sending LOCAL_SEARCH_REQUEST to ref-2
[ srg-3 ]  Sending LOCAL_SEARCH_REQUEST to srg-2
[ srg-3 ]  Sending LOCAL_SEARCH_REQUEST to srg-1
[ srg-2 ] [ LocalSearchRequest ] Searching locally using regex "A-524811570.dat"
[ srg-1 ] [ LocalSearchRequest ] Searching locally using regex "A-524811570.dat"
[ srg-3 ]  Received LOCAL_SEARCH_RESPONSE from ref-1
[ srg-3 ]  Received LOCAL_SEARCH_RESPONSE from ref-3
[ srg-3 ]  Received LOCAL_SEARCH_RESPONSE from ref-2
[ srg-3 ]  Received LOCAL_SEARCH_RESPONSE from srg-2
[ srg-3 ]  Received LOCAL_SEARCH_RESPONSE from srg-1
[ srg-3 ] [ LocalSearchRequest ] Searching locally using regex "B-526213955.dat"
[ srg-2 ] [ LocalSearchRequest ] Searching locally using regex "B-526213955.dat"
[ srg-1 ] [ LocalSearchRequest ] Searching locally using regex "B-526213955.dat"
[ srg-3 ] [ SearchRequest ] Searching for B-526213955.dat
[ srg-3 ]  Sending SUBNET_REQUEST to hub-1
[ srg-3 ]  Received SUBNET_RESPONSE from hub-1
[ srg-3 ]  Sending LOCAL_SEARCH_REQUEST to ref-1
[ srg-3 ]  Sending LOCAL_SEARCH_REQUEST to ref-3
[ srg-3 ]  Sending LOCAL_SEARCH_REQUEST to ref-2
[ srg-3 ]  Sending LOCAL_SEARCH_REQUEST to srg-2
[ srg-3 ]  Sending LOCAL_SEARCH_REQUEST to srg-1
[ srg-2 ] [ LocalSearchRequest ] Searching locally using regex "B-526213955.dat"
[ srg-1 ] [ LocalSearchRequest ] Searching locally using regex "B-526213955.dat"
[ srg-3 ]  Received LOCAL_SEARCH_RESPONSE from ref-1
[ srg-3 ]  Received LOCAL_SEARCH_RESPONSE from ref-3
[ srg-3 ]  Received LOCAL_SEARCH_RESPONSE from ref-2
[ srg-3 ]  Received LOCAL_SEARCH_RESPONSE from srg-2
[ srg-3 ]  Received LOCAL_SEARCH_RESPONSE from srg-1
[ srg-1 ] [ LocalSearchRequest ] Searching locally using regex "C-527367216.dat"
[ srg-2 ] [ LocalSearchRequest ] Searching locally using regex "C-527367216.dat"
[ srg-3 ] [ LocalSearchRequest ] Searching locally using regex "C-527367216.dat"
[ srg-3 ] [ SearchRequest ] Searching for C-527367216.dat
[ srg-3 ]  Sending SUBNET_REQUEST to hub-1
[ srg-3 ]  Received SUBNET_RESPONSE from hub-1
[ srg-3 ]  Sending LOCAL_SEARCH_REQUEST to ref-1
[ srg-3 ]  Sending LOCAL_SEARCH_REQUEST to ref-3
[ srg-3 ]  Sending LOCAL_SEARCH_REQUEST to ref-2
[ srg-3 ]  Sending LOCAL_SEARCH_REQUEST to srg-2
[ srg-3 ]  Sending LOCAL_SEARCH_REQUEST to srg-1
[ srg-2 ] [ LocalSearchRequest ] Searching locally using regex "C-527367216.dat"
[ srg-3 ]  Received LOCAL_SEARCH_RESPONSE from ref-1
[ srg-1 ] [ LocalSearchRequest ] Searching locally using regex "C-527367216.dat"
[ srg-3 ]  Received LOCAL_SEARCH_RESPONSE from ref-3
[ srg-3 ]  Received LOCAL_SEARCH_RESPONSE from ref-2
[ srg-3 ]  Received LOCAL_SEARCH_RESPONSE from srg-2
[ srg-3 ]  Received LOCAL_SEARCH_RESPONSE from srg-1
[ srg-1 ] [ DownloadRequest ] Download file request
[ srg-1 ] [ DownloadRequest ] Found file "A-524811570.dat"
[ srg-1 ] [ DownloadRequest ] Download file request
[ srg-1 ] [ DownloadRequest ] Found file "B-526213955.dat"
[ srg-2 ] [ DownloadRequest ] Download file request
[ srg-2 ] [ DownloadRequest ] Found file "B-526213955.dat"
[ srg-2 ] [ DownloadRequest ] Download file request
[ srg-2 ] [ DownloadRequest ] Found file "C-527367216.dat"
[ srg-3 ] [ DownloadRequest ] Download file request
[ srg-3 ] [ DownloadRequest ] Found file "C-527367216.dat"
[ srg-3 ] [ DownloadRequest ] Download file request
[ srg-3 ] [ DownloadRequest ] Found file "A-524811570.dat"
[ srg-1 ] [ DownloadRequest ] Download file request
[ srg-1 ] [ DownloadRequest ] File not found
[ srg-2 ] [ DownloadRequest ] Download file request
[ srg-2 ] [ DownloadRequest ] File not found
[ srg-3 ] [ DownloadRequest ] Download file request
[ srg-3 ] [ DownloadRequest ] File not found
